Сборка начата 11.04.2022 18:11:44.
Уровень детализации журнала: Normal.     1>Проект "D:\лабы ОАП\Lab10\Task5\Task5.vcxproj" в узле 2 (целевые объекты Build).
     1>PrepareForBuild:
         Создание каталога "Debug\Task5.tlog\".
       InitializeBuildStatus:
         Создание "Debug\Task5.tlog\unsuccessfulbuild", так как было задано "AlwaysCreate".
       ClCompile:
         C:\Program Files (x86)\Microsoft Visual Studio\2019\Professional\VC\Tools\MSVC\14.29.30133\bin\HostX86\x86\CL.exe /c /ZI /JMC /nologo /W3 /WX- /diagnostics:column /sdl /Od /Oy- /D WIN32 /D _DEBUG /D _CONSOLE /D _UNICODE /D UNICODE /Gm- /EHsc /RTC1 /MDd /GS /fp:precise /permissive- /Zc:wchar_t /Zc:forScope /Zc:inline /Fo"Debug\\" /Fd"Debug\vc142.pdb" /external:W3 /Gd /TP /analyze- /FC /errorReport:prompt Task5.cpp
         Task5.cpp
     1>D:\лабы ОАП\Lab10\Task5\Task5.cpp(9,23): warning C4244: return: преобразование "double" в "int", возможна потеря данных
     1>D:\лабы ОАП\Lab10\Task5\Task5.cpp(14,1): warning C4326: возвращаемый тип "main" должен быть "int", а не "void"
       Link:
         C:\Program Files (x86)\Microsoft Visual Studio\2019\Professional\VC\Tools\MSVC\14.29.30133\bin\HostX86\x86\link.exe /ERRORREPORT:PROMPT /OUT:"D:\лабы ОАП\Lab10\Debug\Task5.exe" /INCREMENTAL /ILK:"Debug\Task5.ilk" /NOLOGO kernel32.lib user32.lib gdi32.lib winspool.lib comdlg32.lib advapi32.lib shell32.lib ole32.lib oleaut32.lib uuid.lib odbc32.lib odbccp32.lib /MANIFEST /MANIFESTUAC:"level='asInvoker' uiAccess='false'" /manifest:embed /DEBUG /PDB:"D:\лабы ОАП\Lab10\Debug\Task5.pdb" /SUBSYSTEM:CONSOLE /TLBID:1 /DYNAMICBASE /NXCOMPAT /IMPLIB:"D:\лабы ОАП\Lab10\Debug\Task5.lib" /MACHINE:X86 Debug\Task5.obj
         Task5.vcxproj -> D:\лабы ОАП\Lab10\Debug\Task5.exe
       FinalizeBuildStatus:
         Файл "Debug\Task5.tlog\unsuccessfulbuild" удаляется.
         Обращение к "Debug\Task5.tlog\Task5.lastbuildstate".
     1>Сборка проекта "D:\лабы ОАП\Lab10\Task5\Task5.vcxproj" завершена (целевые объекты Build).

Сборка успешно завершена.

       "D:\лабы ОАП\Lab10\Task5\Task5.vcxproj" (целевой объект Build ) (1) ->
       (Целевой объект ClCompile) -> 
         D:\лабы ОАП\Lab10\Task5\Task5.cpp(9,23): warning C4244: return: преобразование "double" в "int", возможна потеря данных
         D:\лабы ОАП\Lab10\Task5\Task5.cpp(14,1): warning C4326: возвращаемый тип "main" должен быть "int", а не "void"

    Предупреждений: 2
    Ошибок: 0

Прошло времени 00:00:00.67
