Сборка начата 18.05.2022 19:15:49.
Уровень детализации журнала: Normal.     1>Проект "D:\лабы ОАП\Lab14\Lab6\Lab6.vcxproj" в узле 2 (целевые объекты Build).
     1>PrepareForBuild:
         Создание каталога "D:\лабы ОАП\Lab14\x64\Debug\".
         Создание каталога "x64\Debug\Lab15.tlog\".
       InitializeBuildStatus:
         Создание "x64\Debug\Lab15.tlog\unsuccessfulbuild", так как было задано "AlwaysCreate".
       ClCompile:
         C:\Program Files (x86)\Microsoft Visual Studio\2019\Professional\VC\Tools\MSVC\14.29.30133\bin\HostX86\x64\CL.exe /c /ZI /JMC /nologo /W3 /WX- /diagnostics:column /sdl /Od /D _DEBUG /D _CONSOLE /D _UNICODE /D UNICODE /Gm- /EHsc /RTC1 /MDd /GS /fp:precise /permissive- /Zc:wchar_t /Zc:forScope /Zc:inline /Fo"x64\Debug\\" /Fd"x64\Debug\vc142.pdb" /external:W3 /Gd /TP /FC /errorReport:prompt Lab15.cpp WorkHash.cpp
         Lab15.cpp
     1>D:\лабы ОАП\Lab14\Lab6\Lab15.cpp(4,1): warning C4326: возвращаемый тип "main" должен быть "int", а не "void"
         WorkHash.cpp
     1>D:\лабы ОАП\Lab14\Lab6\WorkHash.cpp(8,19): warning C4244: return: преобразование "double" в "int", возможна потеря данных
         Создание кода...
       Link:
         C:\Program Files (x86)\Microsoft Visual Studio\2019\Professional\VC\Tools\MSVC\14.29.30133\bin\HostX86\x64\link.exe /ERRORREPORT:PROMPT /OUT:"D:\лабы ОАП\Lab14\x64\Debug\Lab15.exe" /INCREMENTAL /ILK:"x64\Debug\Lab15.ilk" /NOLOGO kernel32.lib user32.lib gdi32.lib winspool.lib comdlg32.lib advapi32.lib shell32.lib ole32.lib oleaut32.lib uuid.lib odbc32.lib odbccp32.lib /MANIFEST /MANIFESTUAC:"level='asInvoker' uiAccess='false'" /manifest:embed /DEBUG /PDB:"D:\лабы ОАП\Lab14\x64\Debug\Lab15.pdb" /SUBSYSTEM:CONSOLE /TLBID:1 /DYNAMICBASE /NXCOMPAT /IMPLIB:"D:\лабы ОАП\Lab14\x64\Debug\Lab15.lib" /MACHINE:X64 x64\Debug\Lab15.obj
         x64\Debug\WorkHash.obj
         Lab6.vcxproj -> D:\лабы ОАП\Lab14\x64\Debug\Lab15.exe
       FinalizeBuildStatus:
         Файл "x64\Debug\Lab15.tlog\unsuccessfulbuild" удаляется.
         Обращение к "x64\Debug\Lab15.tlog\Lab15.lastbuildstate".
     1>Сборка проекта "D:\лабы ОАП\Lab14\Lab6\Lab6.vcxproj" завершена (целевые объекты Build).

Сборка успешно завершена.

       "D:\лабы ОАП\Lab14\Lab6\Lab6.vcxproj" (целевой объект Build ) (1) ->
       (Целевой объект ClCompile) -> 
         D:\лабы ОАП\Lab14\Lab6\Lab15.cpp(4,1): warning C4326: возвращаемый тип "main" должен быть "int", а не "void"
         D:\лабы ОАП\Lab14\Lab6\WorkHash.cpp(8,19): warning C4244: return: преобразование "double" в "int", возможна потеря данных

    Предупреждений: 2
    Ошибок: 0

Прошло времени 00:00:01.95
