Сборка начата 23.03.2022 18:33:29.
Уровень детализации журнала: Normal.     1>Проект "D:\лабы ОАП\Lab5a\Lab5a\Lab5a.vcxproj" в узле 2 (целевые объекты Build).
     1>InitializeBuildStatus:
         Обращение к "Debug\Lab5a.tlog\unsuccessfulbuild".
       ClCompile:
         C:\Program Files (x86)\Microsoft Visual Studio\2019\Professional\VC\Tools\MSVC\14.29.30133\bin\HostX86\x86\CL.exe /c /ZI /JMC /nologo /W3 /WX- /diagnostics:column /sdl /Od /Oy- /D WIN32 /D _DEBUG /D _CONSOLE /D _UNICODE /D UNICODE /Gm- /EHsc /RTC1 /MDd /GS /fp:precise /permissive- /Zc:wchar_t /Zc:forScope /Zc:inline /Fo"Debug\\" /Fd"Debug\vc142.pdb" /external:W3 /Gd /TP /analyze- /FC /errorReport:prompt Lab5a.cpp
         Lab5a.cpp
     1>D:\лабы ОАП\Lab5a\Lab5a\Lab5a.cpp(69,1): warning C4326: возвращаемый тип "main" должен быть "int", а не "void"
       Link:
         C:\Program Files (x86)\Microsoft Visual Studio\2019\Professional\VC\Tools\MSVC\14.29.30133\bin\HostX86\x86\link.exe /ERRORREPORT:PROMPT /OUT:"D:\лабы ОАП\Lab5a\Debug\Lab5a.exe" /INCREMENTAL /ILK:"Debug\Lab5a.ilk" /NOLOGO kernel32.lib user32.lib gdi32.lib winspool.lib comdlg32.lib advapi32.lib shell32.lib ole32.lib oleaut32.lib uuid.lib odbc32.lib odbccp32.lib /MANIFEST /MANIFESTUAC:"level='asInvoker' uiAccess='false'" /manifest:embed /DEBUG /PDB:"D:\лабы ОАП\Lab5a\Debug\Lab5a.pdb" /SUBSYSTEM:CONSOLE /TLBID:1 /DYNAMICBASE /NXCOMPAT /IMPLIB:"D:\лабы ОАП\Lab5a\Debug\Lab5a.lib" /MACHINE:X86 Debug\Lab5a.obj
         Lab5a.vcxproj -> D:\лабы ОАП\Lab5a\Debug\Lab5a.exe
       FinalizeBuildStatus:
         Файл "Debug\Lab5a.tlog\unsuccessfulbuild" удаляется.
         Обращение к "Debug\Lab5a.tlog\Lab5a.lastbuildstate".
     1>Сборка проекта "D:\лабы ОАП\Lab5a\Lab5a\Lab5a.vcxproj" завершена (целевые объекты Build).

Сборка успешно завершена.

       "D:\лабы ОАП\Lab5a\Lab5a\Lab5a.vcxproj" (целевой объект Build ) (1) ->
       (Целевой объект ClCompile) -> 
         D:\лабы ОАП\Lab5a\Lab5a\Lab5a.cpp(69,1): warning C4326: возвращаемый тип "main" должен быть "int", а не "void"

    Предупреждений: 1
    Ошибок: 0

Прошло времени 00:00:00.88
