Сборка начата 06.04.2022 18:31:03.
Уровень детализации журнала: Normal.     1>Проект "D:\лабы ОАП\Lab9\Lab9\Lab9.vcxproj" в узле 2 (целевые объекты Build).
     1>InitializeBuildStatus:
         Создание "Debug\Lab9.tlog\unsuccessfulbuild", так как было задано "AlwaysCreate".
       ClCompile:
         C:\Program Files (x86)\Microsoft Visual Studio\2019\Professional\VC\Tools\MSVC\14.29.30133\bin\HostX86\x86\CL.exe /c /ZI /JMC /nologo /W3 /WX- /diagnostics:column /sdl /Od /Oy- /D WIN32 /D _DEBUG /D _CONSOLE /D _UNICODE /D UNICODE /Gm- /EHsc /RTC1 /MDd /GS /fp:precise /permissive- /Zc:wchar_t /Zc:forScope /Zc:inline /Fo"Debug\\" /Fd"Debug\vc142.pdb" /external:W3 /Gd /TP /analyze- /FC /errorReport:prompt Lab9.cpp
         Lab9.cpp
     1>D:\лабы ОАП\Lab9\Lab9\Lab9.cpp(6,1): warning C4326: возвращаемый тип "main" должен быть "int", а не "void"
       Link:
         C:\Program Files (x86)\Microsoft Visual Studio\2019\Professional\VC\Tools\MSVC\14.29.30133\bin\HostX86\x86\link.exe /ERRORREPORT:PROMPT /OUT:"D:\лабы ОАП\Lab9\Debug\Lab9.exe" /INCREMENTAL /ILK:"Debug\Lab9.ilk" /NOLOGO kernel32.lib user32.lib gdi32.lib winspool.lib comdlg32.lib advapi32.lib shell32.lib ole32.lib oleaut32.lib uuid.lib odbc32.lib odbccp32.lib /MANIFEST /MANIFESTUAC:"level='asInvoker' uiAccess='false'" /manifest:embed /DEBUG /PDB:"D:\лабы ОАП\Lab9\Debug\Lab9.pdb" /SUBSYSTEM:CONSOLE /TLBID:1 /DYNAMICBASE /NXCOMPAT /IMPLIB:"D:\лабы ОАП\Lab9\Debug\Lab9.lib" /MACHINE:X86 Debug\Lab9.obj
         Debug\stutic.obj
         Debug\workSpisok.obj
         Lab9.vcxproj -> D:\лабы ОАП\Lab9\Debug\Lab9.exe
       FinalizeBuildStatus:
         Файл "Debug\Lab9.tlog\unsuccessfulbuild" удаляется.
         Обращение к "Debug\Lab9.tlog\Lab9.lastbuildstate".
     1>Сборка проекта "D:\лабы ОАП\Lab9\Lab9\Lab9.vcxproj" завершена (целевые объекты Build).

Сборка успешно завершена.

       "D:\лабы ОАП\Lab9\Lab9\Lab9.vcxproj" (целевой объект Build ) (1) ->
       (Целевой объект ClCompile) -> 
         D:\лабы ОАП\Lab9\Lab9\Lab9.cpp(6,1): warning C4326: возвращаемый тип "main" должен быть "int", а не "void"

    Предупреждений: 1
    Ошибок: 0

Прошло времени 00:00:00.93
