Сборка начата 06.04.2022 18:34:28.
Уровень детализации журнала: Normal.     1>Проект "D:\лабы ОАП\Lab7\Lab7\Lab7.vcxproj" в узле 2 (целевые объекты Build).
     1>C:\Program Files (x86)\Microsoft Visual Studio\2019\Professional\MSBuild\Microsoft\VC\v160\Microsoft.CppBuild.targets(513,5): warning MSB8028: промежуточный каталог (Debug\) содержит файлы, которые используются совместно с другим проектом (Lab7.vcxproj).  Это может привести к ошибкам очистки и перестроения.
     1>InitializeBuildStatus:
         Создание "Debug\Lab8.tlog\unsuccessfulbuild", так как было задано "AlwaysCreate".
       ClCompile:
         C:\Program Files (x86)\Microsoft Visual Studio\2019\Professional\VC\Tools\MSVC\14.29.30133\bin\HostX86\x86\CL.exe /c /ZI /JMC /nologo /W3 /WX- /diagnostics:column /sdl /Od /Oy- /D WIN32 /D _DEBUG /D _CONSOLE /D _UNICODE /D UNICODE /Gm- /EHsc /RTC1 /MDd /GS /fp:precise /permissive- /Zc:wchar_t /Zc:forScope /Zc:inline /Fo"Debug\\" /Fd"Debug\vc142.pdb" /external:W3 /Gd /TP /analyze- /FC /errorReport:prompt workQueue.cpp
         workQueue.cpp
       Link:
         C:\Program Files (x86)\Microsoft Visual Studio\2019\Professional\VC\Tools\MSVC\14.29.30133\bin\HostX86\x86\link.exe /ERRORREPORT:PROMPT /OUT:"D:\лабы ОАП\Lab7\Debug\Lab8.exe" /INCREMENTAL /ILK:"Debug\Lab8.ilk" /NOLOGO kernel32.lib user32.lib gdi32.lib winspool.lib comdlg32.lib advapi32.lib shell32.lib ole32.lib oleaut32.lib uuid.lib odbc32.lib odbccp32.lib /MANIFEST /MANIFESTUAC:"level='asInvoker' uiAccess='false'" /manifest:embed /DEBUG /PDB:"D:\лабы ОАП\Lab7\Debug\Lab8.pdb" /SUBSYSTEM:CONSOLE /TLBID:1 /DYNAMICBASE /NXCOMPAT /IMPLIB:"D:\лабы ОАП\Lab7\Debug\Lab8.lib" /MACHINE:X86 Debug\Lab8.obj
         Debug\workQueue.obj
         Lab7.vcxproj -> D:\лабы ОАП\Lab7\Debug\Lab8.exe
       FinalizeBuildStatus:
         Файл "Debug\Lab8.tlog\unsuccessfulbuild" удаляется.
         Обращение к "Debug\Lab8.tlog\Lab8.lastbuildstate".
     1>Сборка проекта "D:\лабы ОАП\Lab7\Lab7\Lab7.vcxproj" завершена (целевые объекты Build).

Сборка успешно завершена.

       "D:\лабы ОАП\Lab7\Lab7\Lab7.vcxproj" (целевой объект Build ) (1) ->
       (Целевой объект PrepareForBuild) -> 
         C:\Program Files (x86)\Microsoft Visual Studio\2019\Professional\MSBuild\Microsoft\VC\v160\Microsoft.CppBuild.targets(513,5): warning MSB8028: промежуточный каталог (Debug\) содержит файлы, которые используются совместно с другим проектом (Lab7.vcxproj).  Это может привести к ошибкам очистки и перестроения.

    Предупреждений: 1
    Ошибок: 0

Прошло времени 00:00:00.97
