Сборка начата 27.04.2022 19:01:51.
Уровень детализации журнала: Normal.     1>Проект "D:\лабы ОАП\Lab11\Lab11\Lab11.vcxproj" в узле 2 (целевые объекты Build).
     1>InitializeBuildStatus:
         Создание "Debug\Lab11.tlog\unsuccessfulbuild", так как было задано "AlwaysCreate".
       ClCompile:
         C:\Program Files (x86)\Microsoft Visual Studio\2019\Professional\VC\Tools\MSVC\14.29.30133\bin\HostX86\x86\CL.exe /c /ZI /JMC /nologo /W3 /WX- /diagnostics:column /sdl /Od /Oy- /D WIN32 /D _DEBUG /D _CONSOLE /D _UNICODE /D UNICODE /Gm- /EHsc /RTC1 /MDd /GS /fp:precise /permissive- /Zc:wchar_t /Zc:forScope /Zc:inline /Fo"Debug\\" /Fd"Debug\vc142.pdb" /external:W3 /Gd /TP /analyze- /FC /errorReport:prompt Lab11.cpp
         Lab11.cpp
     1>D:\лабы ОАП\Lab11\Lab11\Lab11.cpp(22,1): warning C4326: возвращаемый тип "main" должен быть "int", а не "void"
     1>D:\лабы ОАП\Lab11\Lab11\Lab11.cpp(60,9): warning C4101: l: неиспользованная локальная переменная
     1>D:\лабы ОАП\Lab11\Lab11\Lab11.cpp(60,12): warning C4101: r: неиспользованная локальная переменная
       Link:
         C:\Program Files (x86)\Microsoft Visual Studio\2019\Professional\VC\Tools\MSVC\14.29.30133\bin\HostX86\x86\link.exe /ERRORREPORT:PROMPT /OUT:"D:\лабы ОАП\Lab11\Debug\Lab11.exe" /INCREMENTAL /ILK:"Debug\Lab11.ilk" /NOLOGO kernel32.lib user32.lib gdi32.lib winspool.lib comdlg32.lib advapi32.lib shell32.lib ole32.lib oleaut32.lib uuid.lib odbc32.lib odbccp32.lib /MANIFEST /MANIFESTUAC:"level='asInvoker' uiAccess='false'" /manifest:embed /DEBUG /PDB:"D:\лабы ОАП\Lab11\Debug\Lab11.pdb" /SUBSYSTEM:CONSOLE /TLBID:1 /DYNAMICBASE /NXCOMPAT /IMPLIB:"D:\лабы ОАП\Lab11\Debug\Lab11.lib" /MACHINE:X86 Debug\Lab11.obj
         Lab11.vcxproj -> D:\лабы ОАП\Lab11\Debug\Lab11.exe
       FinalizeBuildStatus:
         Файл "Debug\Lab11.tlog\unsuccessfulbuild" удаляется.
         Обращение к "Debug\Lab11.tlog\Lab11.lastbuildstate".
     1>Сборка проекта "D:\лабы ОАП\Lab11\Lab11\Lab11.vcxproj" завершена (целевые объекты Build).

Сборка успешно завершена.

       "D:\лабы ОАП\Lab11\Lab11\Lab11.vcxproj" (целевой объект Build ) (1) ->
       (Целевой объект ClCompile) -> 
         D:\лабы ОАП\Lab11\Lab11\Lab11.cpp(22,1): warning C4326: возвращаемый тип "main" должен быть "int", а не "void"
         D:\лабы ОАП\Lab11\Lab11\Lab11.cpp(60,9): warning C4101: l: неиспользованная локальная переменная
         D:\лабы ОАП\Lab11\Lab11\Lab11.cpp(60,12): warning C4101: r: неиспользованная локальная переменная

    Предупреждений: 3
    Ошибок: 0

Прошло времени 00:00:01.17
