Сборка начата 23.03.2022 18:53:44.
Уровень детализации журнала: Normal.     1>Проект "D:\лабы ОАП\Lab6\Task4_2\Task4_2.vcxproj" в узле 2 (целевые объекты Build).
     1>InitializeBuildStatus:
         Создание "Debug\Task4_2.tlog\unsuccessfulbuild", так как было задано "AlwaysCreate".
       ClCompile:
         C:\Program Files (x86)\Microsoft Visual Studio\2019\Professional\VC\Tools\MSVC\14.29.30133\bin\HostX86\x86\CL.exe /c /ZI /JMC /nologo /W3 /WX- /diagnostics:column /sdl /Od /Oy- /D WIN32 /D _DEBUG /D _CONSOLE /D _UNICODE /D UNICODE /Gm- /EHsc /RTC1 /MDd /GS /fp:precise /permissive- /Zc:wchar_t /Zc:forScope /Zc:inline /Fo"Debug\\" /Fd"Debug\vc142.pdb" /external:W3 /Gd /TP /analyze- /FC /errorReport:prompt Task4_2.cpp
         Task4_2.cpp
     1>D:\лабы ОАП\Lab6\Task4_2\Task4_2.cpp(20,1): warning C4326: возвращаемый тип "main" должен быть "int", а не "void"
     1>D:\лабы ОАП\Lab6\Task4_2\Task4_2.cpp(22,12): warning C4101: Last: неиспользованная локальная переменная
       Link:
         C:\Program Files (x86)\Microsoft Visual Studio\2019\Professional\VC\Tools\MSVC\14.29.30133\bin\HostX86\x86\link.exe /ERRORREPORT:PROMPT /OUT:"D:\лабы ОАП\Lab6\Debug\Task4_2.exe" /INCREMENTAL /ILK:"Debug\Task4_2.ilk" /NOLOGO kernel32.lib user32.lib gdi32.lib winspool.lib comdlg32.lib advapi32.lib shell32.lib ole32.lib oleaut32.lib uuid.lib odbc32.lib odbccp32.lib /MANIFEST /MANIFESTUAC:"level='asInvoker' uiAccess='false'" /manifest:embed /DEBUG /PDB:"D:\лабы ОАП\Lab6\Debug\Task4_2.pdb" /SUBSYSTEM:CONSOLE /TLBID:1 /DYNAMICBASE /NXCOMPAT /IMPLIB:"D:\лабы ОАП\Lab6\Debug\Task4_2.lib" /MACHINE:X86 Debug\Task4_2.obj
         Task4_2.vcxproj -> D:\лабы ОАП\Lab6\Debug\Task4_2.exe
       FinalizeBuildStatus:
         Файл "Debug\Task4_2.tlog\unsuccessfulbuild" удаляется.
         Обращение к "Debug\Task4_2.tlog\Task4_2.lastbuildstate".
     1>Сборка проекта "D:\лабы ОАП\Lab6\Task4_2\Task4_2.vcxproj" завершена (целевые объекты Build).

Сборка успешно завершена.

       "D:\лабы ОАП\Lab6\Task4_2\Task4_2.vcxproj" (целевой объект Build ) (1) ->
       (Целевой объект ClCompile) -> 
         D:\лабы ОАП\Lab6\Task4_2\Task4_2.cpp(20,1): warning C4326: возвращаемый тип "main" должен быть "int", а не "void"
         D:\лабы ОАП\Lab6\Task4_2\Task4_2.cpp(22,12): warning C4101: Last: неиспользованная локальная переменная

    Предупреждений: 2
    Ошибок: 0

Прошло времени 00:00:00.68
